<?xml version="1.0" encoding="UTF-8"?>
<!-- Generated by org.testng.reporters.JUnitReportReporter -->
<testsuite hostname="CTAADPG038QRA" failures="0" tests="1" name="com.mycompany.app.SeleniumTest" time="0.010" errors="0" timestamp="2023-01-11T13:23:51 IST" skipped="0">
  <testcase classname="com.mycompany.app.SeleniumTest" name="f" time="0.010"/>
  <system-out/>
</testsuite> <!-- com.mycompany.app.SeleniumTest -->
